<?xml version="1.0" encoding="UTF-8"?>
<!-- Generated by org.testng.reporters.JUnitReportReporter -->
<testsuite skipped="0" hostname="DESKTOP-SKF5KSG" name="Test.demo3" tests="2" failures="0" timestamp="28 Jun 2019 19:18:40 GMT" time="0.004" errors="0">
  <testcase name="LoginAPILoan" time="0.004" classname="Test.demo3"/>
  <testcase name="WebLoginLoan" time="0.000" classname="Test.demo3"/>
</testsuite> <!-- Test.demo3 -->
