<?xml version="1.0" encoding="UTF-8"?>
<!-- Generated by org.testng.reporters.JUnitReportReporter -->
<testsuite skipped="0" hostname="DESKTOP-SKF5KSG" name="Test.demo4" tests="2" failures="0" timestamp="28 Jun 2019 13:24:15 GMT" time="0.030" errors="0">
  <testcase name="LoginAPIHomeLoan" time="0.030" classname="Test.demo4"/>
  <testcase name="WebLoginHomeLoan" time="0.000" classname="Test.demo4"/>
</testsuite> <!-- Test.demo4 -->
