<?xml version="1.0" encoding="UTF-8"?>
<!-- Generated by org.testng.reporters.JUnitReportReporter -->
<testsuite skipped="0" hostname="DESKTOP-SKF5KSG" name="Test.ParametersTrial" tests="3" failures="0" timestamp="28 Jun 2019 15:12:06 GMT" time="0.000" errors="0">
  <testcase name="WebLoginLoan" time="0.000" classname="Test.ParametersTrial"/>
  <testcase name="LoginAPILoan" time="0.000" classname="Test.ParametersTrial"/>
  <testcase name="MobileLoginLoan" time="0.000" classname="Test.ParametersTrial"/>
</testsuite> <!-- Test.ParametersTrial -->
