<?xml version="1.0" encoding="UTF-8"?>
<!-- Generated by org.testng.reporters.JUnitReportReporter -->
<testsuite skipped="1" hostname="DESKTOP-SKF5KSG" name="Test.helperAttributes" tests="4" failures="0" timestamp="28 Jun 2019 13:28:04 GMT" time="0.031" errors="0">
  <testcase name="method1" time="0.016" classname="Test.helperAttributes"/>
  <testcase name="method2" time="0.015" classname="Test.helperAttributes"/>
  <testcase name="method3" time="0.000" classname="Test.helperAttributes"/>
  <testcase name="method4" classname="Test.helperAttributes">
    <skipped/>
  </testcase> <!-- method4 -->
</testsuite> <!-- Test.helperAttributes -->
