<?xml version="1.0" encoding="UTF-8"?>
<!-- Generated by org.testng.reporters.JUnitReportReporter -->
<testsuite skipped="0" hostname="DESKTOP-SKF5KSG" name="Test.demo1" tests="2" failures="0" timestamp="28 Jun 2019 19:49:32 GMT" time="0.020" errors="0">
  <testcase name="demo2" time="0.004" classname="Test.demo1"/>
  <testcase name="Demo2" time="0.016" classname="Test.demo1"/>
</testsuite> <!-- Test.demo1 -->
