<?xml version="1.0" encoding="UTF-8"?>
<!-- Generated by org.testng.reporters.JUnitReportReporter -->
<testsuite skipped="0" hostname="DESKTOP-SKF5KSG" name="Test.demo" tests="1" failures="0" timestamp="27 Jun 2019 05:23:28 GMT" time="0.023" errors="0">
  <testcase name="Demo" time="0.023" classname="Test.demo"/>
</testsuite> <!-- Test.demo -->
