<?xml version="1.0" encoding="UTF-8"?>
<!-- Generated by org.testng.reporters.JUnitReportReporter -->
<testsuite skipped="0" hostname="DESKTOP-SKF5KSG" name="Test.DataDrivingParametrization" tests="1" failures="0" timestamp="29 Jun 2019 04:22:37 GMT" time="3.083" errors="0">
  <testcase name="Login" time="3.083" classname="Test.DataDrivingParametrization"/>
</testsuite> <!-- Test.DataDrivingParametrization -->
