<?xml version="1.0" encoding="UTF-8"?>
<!-- Generated by org.testng.reporters.JUnitReportReporter -->
<testsuite skipped="0" hostname="DESKTOP-SKF5KSG" name="Test.DataProviderTrial" tests="3" failures="0" timestamp="28 Jun 2019 19:03:13 GMT" time="0.020" errors="0">
  <testcase name="login" time="0.010" classname="Test.DataProviderTrial"/>
  <testcase name="login" time="0.003" classname="Test.DataProviderTrial"/>
  <testcase name="login" time="0.007" classname="Test.DataProviderTrial"/>
</testsuite> <!-- Test.DataProviderTrial -->
