<?xml version="1.0" encoding="UTF-8"?>
<!-- Generated by org.testng.reporters.JUnitReportReporter -->
<testsuite skipped="0" hostname="DESKTOP-SKF5KSG" name="Test.GlobalParameters" tests="1" failures="0" timestamp="28 Jun 2019 21:31:46 GMT" time="0.025" errors="0">
  <testcase name="Login" time="0.025" classname="Test.GlobalParameters"/>
</testsuite> <!-- Test.GlobalParameters -->
