<?xml version="1.0" encoding="UTF-8"?>
<!-- Generated by org.testng.reporters.JUnitReportReporter -->
<testsuite skipped="0" hostname="DESKTOP-SKF5KSG" name="Test.demo2" tests="2" failures="0" timestamp="28 Jun 2019 19:48:16 GMT" time="0.016" errors="0">
  <testcase name="Demo4" time="0.016" classname="Test.demo2"/>
  <testcase name="Emo3" time="0.000" classname="Test.demo2"/>
</testsuite> <!-- Test.demo2 -->
